<?xml version="1.0" encoding="UTF-8"?>
<!-- Generated by org.testng.reporters.JUnitReportReporter -->
<testsuite hostname="LAPTOP-0M17UIVA" failures="0" tests="3" name="testng.parameterization.NormalDataProvider" time="11.737" errors="0" timestamp="2024-02-29T22:29:06 IST" skipped="0">
  <testcase classname="testng.parameterization.NormalDataProvider" name="verifyGoogleSearch_2" time="4.498"/>
  <testcase classname="testng.parameterization.NormalDataProvider" name="verifyGoogleSearch_2" time="3.800"/>
  <testcase classname="testng.parameterization.NormalDataProvider" name="verifyGoogleSearch_2" time="3.439"/>
</testsuite> <!-- testng.parameterization.NormalDataProvider -->
