<?xml version="1.0" encoding="UTF-8"?>
<!-- Generated by org.testng.reporters.JUnitReportReporter -->
<testsuite hostname="LAPTOP-0M17UIVA" failures="0" tests="1" name="testng.parameterization.WithParametrization" time="3.752" errors="0" timestamp="2024-02-29T22:29:06 IST" skipped="0">
  <testcase classname="testng.parameterization.WithParametrization" name="verifyGoogleSearch_2" time="3.752"/>
</testsuite> <!-- testng.parameterization.WithParametrization -->
