<?xml version="1.0" encoding="UTF-8"?>
<!-- Generated by org.testng.reporters.JUnitReportReporter -->
<testsuite hostname="LAPTOP-0M17UIVA" failures="0" tests="1" name="testng.parameterization.NeedOfParameterization" time="3.947" errors="0" timestamp="2024-02-29T22:29:06 IST" skipped="0">
  <testcase classname="testng.parameterization.NeedOfParameterization" name="verifyGoogleSearch" time="3.947"/>
</testsuite> <!-- testng.parameterization.NeedOfParameterization -->
