<?xml version="1.0" encoding="UTF-8"?>
<!-- Generated by org.testng.reporters.JUnitReportReporter -->
<testsuite hostname="LAPTOP-0M17UIVA" failures="0" tests="4" name="testng.parameterization.DataProviderWithExcel" time="12.545" errors="0" timestamp="2024-02-29T22:29:06 IST" skipped="0">
  <testcase classname="testng.parameterization.DataProviderWithExcel" name="verifyGoogleSearch_2" time="3.266"/>
  <testcase classname="testng.parameterization.DataProviderWithExcel" name="verifyGoogleSearch_2" time="3.292"/>
  <testcase classname="testng.parameterization.DataProviderWithExcel" name="verifyGoogleSearch_2" time="3.166"/>
  <testcase classname="testng.parameterization.DataProviderWithExcel" name="verifyGoogleSearch_2" time="2.821"/>
</testsuite> <!-- testng.parameterization.DataProviderWithExcel -->
